2020-12-17 04:35:39,702 p=7214 u=root n=ansible | PLAY [linux] ************************************************************************************************************************************************
2020-12-17 04:35:39,914 p=7214 u=root n=ansible | TASK [Gathering Facts] **************************************************************************************************************************************
2020-12-17 04:35:41,433 p=7214 u=root n=ansible | fatal: [linux]: FAILED! => {"msg": "Using a SSH password instead of a key is not possible because Host Key checking is enabled and sshpass does not support this.  Please add this host's fingerprint to your known_hosts file to manage this host."}
2020-12-17 04:35:41,434 p=7214 u=root n=ansible | PLAY RECAP **************************************************************************************************************************************************
2020-12-17 04:35:41,435 p=7214 u=root n=ansible | linux                      : ok=0    changed=0    unreachable=0    failed=1    skipped=0    rescued=0    ignored=0   
2020-12-17 04:37:38,575 p=7248 u=root n=ansible | PLAY [linux] ************************************************************************************************************************************************
2020-12-17 04:37:38,590 p=7248 u=root n=ansible | TASK [Gathering Facts] **************************************************************************************************************************************
2020-12-17 04:37:39,208 p=7248 u=root n=ansible | fatal: [linux]: FAILED! => {"msg": "Using a SSH password instead of a key is not possible because Host Key checking is enabled and sshpass does not support this.  Please add this host's fingerprint to your known_hosts file to manage this host."}
2020-12-17 04:37:39,209 p=7248 u=root n=ansible | PLAY RECAP **************************************************************************************************************************************************
2020-12-17 04:37:39,209 p=7248 u=root n=ansible | linux                      : ok=0    changed=0    unreachable=0    failed=1    skipped=0    rescued=0    ignored=0   
2020-12-17 04:38:00,635 p=7265 u=root n=ansible | PLAY [linux] ************************************************************************************************************************************************
2020-12-17 04:38:00,659 p=7265 u=root n=ansible | TASK [Gathering Facts] **************************************************************************************************************************************
2020-12-17 04:38:12,023 p=7265 u=root n=ansible | ok: [linux]
2020-12-17 04:38:12,025 p=7265 u=root n=ansible | PLAY RECAP **************************************************************************************************************************************************
2020-12-17 04:38:12,025 p=7265 u=root n=ansible | linux                      : ok=1    changed=0    unreachable=0    failed=0    skipped=0    rescued=0    ignored=0   
2020-12-17 04:44:25,527 p=7367 u=root n=ansible | ERROR! the playbook: - could not be found
2020-12-17 04:44:29,216 p=7372 u=root n=ansible | ERROR! 'stat' is not a valid attribute for a Play

The error appears to be in '/etc/ansible/BuildInstallation/tasks/downloadHawkBuild.yml': line 1, column 3, but may
be elsewhere in the file depending on the exact syntax problem.

The offending line appears to be:


- name: Check If build is already downloaded or not
  ^ here

2020-12-17 04:45:26,093 p=7392 u=root n=ansible | ERROR! 'stat' is not a valid attribute for a Play

The error appears to be in '/etc/ansible/BuildInstallation/tasks/downloadHawkBuild.yml': line 1, column 3, but may
be elsewhere in the file depending on the exact syntax problem.

The offending line appears to be:


- name: Check If build is already downloaded or not
  ^ here

2020-12-17 04:50:48,348 p=7465 u=root n=ansible | PLAY [linux] ************************************************************************************************************************************************
2020-12-17 04:50:48,367 p=7465 u=root n=ansible | TASK [Gathering Facts] **************************************************************************************************************************************
2020-12-17 04:50:57,199 p=7465 u=root n=ansible | ok: [linux]
2020-12-17 04:50:57,201 p=7465 u=root n=ansible | PLAY RECAP **************************************************************************************************************************************************
2020-12-17 04:50:57,202 p=7465 u=root n=ansible | linux                      : ok=1    changed=0    unreachable=0    failed=0    skipped=0    rescued=0    ignored=0   
2020-12-17 04:53:06,117 p=7531 u=root n=ansible | PLAY [linux] ************************************************************************************************************************************************
2020-12-17 04:53:06,133 p=7531 u=root n=ansible | TASK [Gathering Facts] **************************************************************************************************************************************
2020-12-17 04:53:11,075 p=7531 u=root n=ansible | ok: [linux]
2020-12-17 04:53:11,077 p=7531 u=root n=ansible | PLAY RECAP **************************************************************************************************************************************************
2020-12-17 04:53:11,078 p=7531 u=root n=ansible | linux                      : ok=1    changed=0    unreachable=0    failed=0    skipped=0    rescued=0    ignored=0   
2020-12-17 05:12:01,066 p=8670 u=root n=ansible | ERROR! Unable to retrieve file contents
Could not find or access '/etc/ansible/downloadHawkBuild.yml' on the Ansible Controller.
If you are using a module and expect the file to exist on the remote, see the remote_src option
2020-12-17 05:15:17,888 p=4540 u=root n=ansible | ERROR! Unable to retrieve file contents
Could not find or access '/etc/ansible/downloadHawkBuild.yml' on the Ansible Controller.
If you are using a module and expect the file to exist on the remote, see the remote_src option
2020-12-17 05:16:48,990 p=4559 u=root n=ansible | PLAY [linux] ************************************************************************************************************************************************
2020-12-17 05:16:49,008 p=4559 u=root n=ansible | TASK [Gathering Facts] **************************************************************************************************************************************
2020-12-17 05:17:10,658 p=4559 u=root n=ansible | ok: [linux]
2020-12-17 05:17:10,713 p=4559 u=root n=ansible | TASK [BuildInstallation : Include variables] ****************************************************************************************************************
2020-12-17 05:17:10,745 p=4559 u=root n=ansible | ok: [linux]
2020-12-17 05:17:10,765 p=4559 u=root n=ansible | TASK [BuildInstallation : Check If build is already downloaded or not] **************************************************************************************
2020-12-17 05:17:17,290 p=4559 u=root n=ansible | ok: [linux]
2020-12-17 05:17:17,308 p=4559 u=root n=ansible | TASK [BuildInstallation : Create all required directories if does not exist] ********************************************************************************
2020-12-17 05:17:21,333 p=4559 u=root n=ansible | changed: [linux] => (item=/root/OIAGBuildAutomation)
2020-12-17 05:17:23,978 p=4559 u=root n=ansible | changed: [linux] => (item=/root/OIAGBuildAutomation/Installation/DownloadBuilds)
2020-12-17 05:17:26,605 p=4559 u=root n=ansible | changed: [linux] => (item=/root/OIAGBuildAutomation/Installation/InstalledBuilds)
2020-12-17 05:17:29,286 p=4559 u=root n=ansible | changed: [linux] => (item=/root/OIAGBuildAutomation/Installation/DownloadBuilds/3.0/V182.0.2-GA)
2020-12-17 05:17:29,323 p=4559 u=root n=ansible | TASK [BuildInstallation : Create a extractation directory if it does not exist] *****************************************************************************
2020-12-17 05:17:32,009 p=4559 u=root n=ansible | ok: [linux]
2020-12-17 05:17:32,031 p=4559 u=root n=ansible | TASK [BuildInstallation : Downloading 'oiag' - '3.0.0' and from to 'http://10.106.128.160/package//oiag/3.0.0/V182.0.2-GA/TIB_oiag_3.0.0_linux_x86_64.zip'] ***
2020-12-17 05:19:14,979 p=4559 u=root n=ansible | [WARNING]: The value True (type bool) in a string field was converted to u'True' (type string). If this does not look like what you expect, quote the entire
value to ensure it does not change.

2020-12-17 05:19:14,979 p=4559 u=root n=ansible | changed: [linux]
2020-12-17 05:19:14,998 p=4559 u=root n=ansible | TASK [BuildInstallation : Check if already unzipped or not] *************************************************************************************************
2020-12-17 05:19:18,303 p=4559 u=root n=ansible | ok: [linux]
2020-12-17 05:19:18,322 p=4559 u=root n=ansible | TASK [BuildInstallation : file] *****************************************************************************************************************************
2020-12-17 05:19:20,980 p=4559 u=root n=ansible | changed: [linux]
2020-12-17 05:19:21,001 p=4559 u=root n=ansible | TASK [BuildInstallation : file] *****************************************************************************************************************************
2020-12-17 05:19:23,772 p=4559 u=root n=ansible | changed: [linux]
2020-12-17 05:19:23,800 p=4559 u=root n=ansible | TASK [BuildInstallation : Unzip Installation archive to /root/OIAGBuildAutomation/Installation/InstalledBuilds location] ************************************
2020-12-17 05:19:34,128 p=4559 u=root n=ansible | changed: [linux]
2020-12-17 05:19:34,131 p=4559 u=root n=ansible | PLAY RECAP **************************************************************************************************************************************************
2020-12-17 05:19:34,131 p=4559 u=root n=ansible | linux                      : ok=10   changed=5    unreachable=0    failed=0    skipped=0    rescued=0    ignored=0   
